<?xml version="1.0" encoding="utf-8"?><testsuites name="pytest tests"><testsuite name="pytest" errors="0" failures="0" skipped="0" tests="151" time="4.105" timestamp="2026-04-23T00:40:38.887819-04:00" hostname="Mac-Studio-de-Francois.local"><testcase classname="tests.test_comparison.TestComparisonRouter" name="test_compare_articles_post_success" time="0.004" /><testcase classname="tests.test_comparison.TestComparisonRouter" name="test_compare_articles_with_obama_data" time="0.001" /><testcase classname="tests.test_comparison.TestComparisonRouter" name="test_compare_articles_missing_required_field" time="0.001" /><testcase classname="tests.test_comparison.TestComparisonRouter" name="test_compare_articles_invalid_threshold" time="0.001" /><testcase classname="tests.test_comparison.TestComparisonRouter" name="test_compare_articles_invalid_language_length" time="0.001" /><testcase classname="tests.test_comparison.TestComparisonRouter" name="test_compare_semantic_post_success" time="0.002" /><testcase classname="tests.test_comparison.TestComparisonRouter" name="test_compare_semantic_post_invalid_threshold" time="0.001" /><testcase classname="tests.test_comparison.TestComparisonRouter" name="test_compare_semantic_post_invalid_model" time="0.001" /><testcase classname="tests.test_comparison.TestComparisonRouter" name="test_wiki_translate_with_url" time="0.003" /><testcase classname="tests.test_comparison.TestComparisonRouter" name="test_wiki_translate_with_title" time="0.002" /><testcase classname="tests.test_comparison.TestComparisonRouter" name="test_wiki_translate_missing_params" time="0.001" /><testcase classname="tests.test_comparison.TestComparisonRouter" name="test_wiki_translate_article_not_found" time="0.002" /><testcase classname="tests.test_comparison.TestComparisonRouter" name="test_translate_text_endpoint_returns_translated_article" time="0.009" /><testcase classname="tests.test_comparison.TestComparisonRouter" name="test_translate_text_endpoint_uses_source_language" time="0.009" /><testcase classname="tests.test_comparison.TestComparisonRouter" name="test_chunked_text_translate_success" time="0.002" /><testcase classname="tests.test_comparison.TestComparisonRouter" name="test_chunked_text_translate_value_error_returns_400" time="0.002" /><testcase classname="tests.test_comparison.TestComparisonRouter" name="test_chunked_text_translate_import_error_returns_500" time="0.001" /><testcase classname="tests.test_fact_extraction_cache" name="test_model_cache_eviction_lru_order[asyncio]" time="0.002" /><testcase classname="tests.test_fact_extraction_cache" name="test_model_cache_reuses_cached_model[asyncio]" time="0.001" /><testcase classname="tests.test_fact_extraction_sentence_splitting" name="test_spacy_sentence_segmentation_handles_abbreviations" time="0.083" /><testcase classname="tests.test_fact_extraction_sentence_splitting" name="test_spacy_sentence_segmentation_preserves_single_sentence" time="0.000" /><testcase classname="tests.test_revision_flagging.TestVolumeFlag" name="test_no_flag_below_threshold" time="0.000" /><testcase classname="tests.test_revision_flagging.TestVolumeFlag" name="test_flag_fires_above_threshold" time="0.000" /><testcase classname="tests.test_revision_flagging.TestVolumeFlag" name="test_severity_medium_between_thresholds" time="0.000" /><testcase classname="tests.test_revision_flagging.TestVolumeFlag" name="test_severity_high_above_50_percent" time="0.000" /><testcase classname="tests.test_revision_flagging.TestVolumeFlag" name="test_no_flag_when_old_article_empty" time="0.000" /><testcase classname="tests.test_revision_flagging.TestVolumeFlag" name="test_unchanged_sections_not_counted" time="0.000" /><testcase classname="tests.test_revision_flagging.TestSectionRemovedFlag" name="test_flag_fires_on_removed_section" time="0.000" /><testcase classname="tests.test_revision_flagging.TestSectionRemovedFlag" name="test_flag_always_high_severity" time="0.000" /><testcase classname="tests.test_revision_flagging.TestSectionRemovedFlag" name="test_detail_contains_section_title" time="0.000" /><testcase classname="tests.test_revision_flagging.TestSectionRemovedFlag" name="test_no_flag_when_no_sections_removed" time="0.000" /><testcase classname="tests.test_revision_flagging.TestSectionRemovedFlag" name="test_multiple_removed_sections_single_flag" time="0.000" /><testcase classname="tests.test_revision_flagging.TestLeadSectionFlag" name="test_flag_fires_when_similarity_below_threshold" time="0.000" /><testcase classname="tests.test_revision_flagging.TestLeadSectionFlag" name="test_no_flag_when_similarity_above_threshold" time="0.000" /><testcase classname="tests.test_revision_flagging.TestLeadSectionFlag" name="test_no_flag_when_lead_unchanged" time="0.000" /><testcase classname="tests.test_revision_flagging.TestLeadSectionFlag" name="test_high_severity_when_similarity_very_low" time="0.000" /><testcase classname="tests.test_revision_flagging.TestLeadSectionFlag" name="test_medium_severity_between_thresholds" time="0.000" /><testcase classname="tests.test_revision_flagging.TestLeadSectionFlag" name="test_flag_fires_when_lead_removed" time="0.000" /><testcase classname="tests.test_revision_flagging.TestLeadSectionFlag" name="test_no_flag_when_no_lead_section" time="0.000" /><testcase classname="tests.test_revision_flagging.TestRapidEditsFlag" name="test_flag_fires_on_edit_war_pattern" time="0.000" /><testcase classname="tests.test_revision_flagging.TestRapidEditsFlag" name="test_no_flag_when_single_user" time="0.000" /><testcase classname="tests.test_revision_flagging.TestRapidEditsFlag" name="test_no_flag_when_outside_time_window" time="0.000" /><testcase classname="tests.test_revision_flagging.TestRapidEditsFlag" name="test_no_flag_below_min_revisions" time="0.000" /><testcase classname="tests.test_revision_flagging.TestRapidEditsFlag" name="test_severity_is_medium" time="0.000" /><testcase classname="tests.test_revision_flagging.TestRapidEditsFlag" name="test_no_flag_with_empty_revision_list" time="0.000" /><testcase classname="tests.test_revision_flagging.TestMultipleFlags" name="test_multiple_rules_can_fire_together" time="0.000" /><testcase classname="tests.test_revision_flagging.TestMultipleFlags" name="test_returns_empty_list_for_clean_revision" time="0.000" /><testcase classname="tests.test_semantic_comparison.TestSemanticComparison" name="test_semantic_compare_returns_dict" time="2.259" /><testcase classname="tests.test_semantic_comparison.TestSemanticComparison" name="test_semantic_compare_success_flag" time="0.025" /><testcase classname="tests.test_semantic_comparison.TestSemanticComparison" name="test_semantic_compare_identifies_missing_info" time="0.018" /><testcase classname="tests.test_semantic_comparison.TestSemanticComparison" name="test_semantic_compare_multiple_samples" time="0.114" /><testcase classname="tests.test_semantic_comparison" name="test_preprocess_input_uses_chunking_for_large_text" time="0.000" /><testcase classname="tests.test_similarity_scoring.TestLevenshteinDistance" name="test_identical_strings" time="0.000" /><testcase classname="tests.test_similarity_scoring.TestLevenshteinDistance" name="test_completely_different" time="0.000" /><testcase classname="tests.test_similarity_scoring.TestLevenshteinDistance" name="test_one_char_diff" time="0.000" /><testcase classname="tests.test_similarity_scoring.TestLevenshteinDistance" name="test_empty_strings" time="0.000" /><testcase classname="tests.test_similarity_scoring.TestLoanwordDetection" name="test_common_loanword_suffixes" time="0.000" /><testcase classname="tests.test_similarity_scoring.TestLoanwordDetection" name="test_non_loanword" time="0.000" /><testcase classname="tests.test_similarity_scoring.TestBandClassification" name="test_very_close" time="0.000" /><testcase classname="tests.test_similarity_scoring.TestBandClassification" name="test_same_branch" time="0.000" /><testcase classname="tests.test_similarity_scoring.TestBandClassification" name="test_same_family_distant" time="0.000" /><testcase classname="tests.test_similarity_scoring.TestBandClassification" name="test_unrelated" time="0.000" /><testcase classname="tests.test_similarity_scoring.TestArticlePairScoring" name="test_identical_articles" time="0.000" /><testcase classname="tests.test_similarity_scoring.TestArticlePairScoring" name="test_completely_different_articles" time="0.000" /><testcase classname="tests.test_similarity_scoring.TestArticlePairScoring" name="test_partially_similar_articles" time="0.000" /><testcase classname="tests.test_similarity_scoring.TestArticlePairScoring" name="test_empty_articles" time="0.000" /><testcase classname="tests.test_similarity_scoring.TestArticlePairScoring" name="test_low_data_flag" time="0.000" /><testcase classname="tests.test_similarity_scoring.TestArticlePairScoring" name="test_loanword_downweighting" time="0.000" /><testcase classname="tests.test_similarity_scoring.TestArticlePairScoring" name="test_swadesh_filter" time="0.000" /><testcase classname="tests.test_similarity_scoring.TestArticlePairScoring" name="test_word_match_threshold" time="0.000" /><testcase classname="tests.test_similarity_scoring.TestBatchScoring" name="test_batch_scoring" time="0.000" /><testcase classname="tests.test_similarity_scoring.TestBatchScoring" name="test_batch_with_options" time="0.000" /><testcase classname="tests.test_similarity_scoring.TestLanguageFamilies" name="test_germanic_languages" time="0.000" /><testcase classname="tests.test_similarity_scoring.TestLanguageFamilies" name="test_romance_languages" time="0.000" /><testcase classname="tests.test_similarity_scoring.TestLanguageFamilies" name="test_slavic_languages" time="0.000" /><testcase classname="tests.test_similarity_scoring.TestLanguageFamilies" name="test_unknown_language" time="0.000" /><testcase classname="tests.test_similarity_scoring.TestScriptNormalization" name="test_cyrillic_transliteration" time="0.000" /><testcase classname="tests.test_similarity_scoring.TestScriptNormalization" name="test_normalize_cyrillic_text" time="0.000" /><testcase classname="tests.test_similarity_scoring.TestScriptNormalization" name="test_latin_text_unchanged" time="0.000" /><testcase classname="tests.test_similarity_scoring.TestCrossLanguageComparison" name="test_same_family_threshold" time="0.000" /><testcase classname="tests.test_similarity_scoring.TestCrossLanguageComparison" name="test_different_family_threshold" time="0.000" /><testcase classname="tests.test_similarity_scoring.TestCrossLanguageComparison" name="test_english_spanish_cognates" time="0.000" /><testcase classname="tests.test_similarity_scoring.TestCrossLanguageComparison" name="test_english_russian_transliteration" time="0.000" /><testcase classname="tests.test_similarity_scoring.TestCrossLanguageComparison" name="test_french_spanish_similarity" time="0.000" /><testcase classname="tests.test_similarity_scoring.TestCrossLanguageComparison" name="test_batch_with_language_pairs" time="0.000" /><testcase classname="tests.test_structural_analysis.TestStructuralAnalysisRouter" name="test_get_results_success" time="0.006" /><testcase classname="tests.test_structural_analysis.TestStructuralAnalysisRouter" name="test_get_results_with_translations" time="0.002" /><testcase classname="tests.test_structural_analysis.TestStructuralAnalysisRouter" name="test_get_results_missing_translation" time="0.001" /><testcase classname="tests.test_structural_analysis.TestStructuralAnalysisRouter" name="test_get_results_table_analysis_failure" time="0.001" /><testcase classname="tests.test_structural_analysis.TestStructuralAnalysisRouter" name="test_get_results_missing_title" time="0.001" /><testcase classname="tests.test_structural_analysis.TestStructuralAnalysisRouter" name="test_get_results_missing_language" time="0.000" /><testcase classname="tests.test_structural_analysis.TestStructuralAnalysisRouter" name="test_get_results_authority_article_detection" time="0.002" /><testcase classname="tests.test_structural_analysis.TestStructuralAnalysisRouter" name="test_get_results_score_calculation" time="0.002" /><testcase classname="tests.test_structural_analysis.TestStructuralAnalysisRouter" name="test_calculate_single_score" time="0.001" /><testcase classname="tests.test_structural_analysis.TestStructuralAnalysisRouter" name="test_calculate_single_score_zero_values" time="0.000" /><testcase classname="tests.test_structural_analysis.TestStructuralAnalysisRouter" name="test_analyze_single_article_success" time="0.001" /><testcase classname="tests.test_structural_analysis.TestStructuralAnalysisRouter" name="test_analyze_single_article_failure" time="0.000" /><testcase classname="tests.test_structured_wiki.TestStructuredWikiRouter" name="test_get_structured_article_with_title" time="0.003" /><testcase classname="tests.test_structured_wiki.TestStructuredWikiRouter" name="test_get_structured_article_with_url" time="0.001" /><testcase classname="tests.test_structured_wiki.TestStructuredWikiRouter" name="test_get_structured_article_missing_query" time="0.001" /><testcase classname="tests.test_structured_wiki.TestStructuredWikiRouter" name="test_get_structured_article_with_language" time="0.001" /><testcase classname="tests.test_structured_wiki.TestStructuredWikiRouter" name="test_get_structured_article_with_citations" time="0.001" /><testcase classname="tests.test_structured_wiki.TestStructuredWikiRouter" name="test_get_structured_article_default_language" time="0.001" /><testcase classname="tests.test_structured_wiki.TestStructuredWikiRouter" name="test_get_structured_section" time="0.001" /><testcase classname="tests.test_structured_wiki.TestStructuredWikiRouter" name="test_get_structured_section_not_found" time="0.001" /><testcase classname="tests.test_structured_wiki.TestStructuredWikiRouter" name="test_get_structured_section_with_url" time="0.001" /><testcase classname="tests.test_structured_wiki.TestStructuredWikiRouter" name="test_get_structured_section_missing_section_title" time="0.001" /><testcase classname="tests.test_structured_wiki.TestStructuredWikiRouter" name="test_get_citation_analysis" time="0.001" /><testcase classname="tests.test_structured_wiki.TestStructuredWikiRouter" name="test_get_citation_analysis_no_citations" time="0.001" /><testcase classname="tests.test_structured_wiki.TestStructuredWikiRouter" name="test_get_citation_analysis_most_cited" time="0.001" /><testcase classname="tests.test_structured_wiki.TestStructuredWikiRouter" name="test_get_reference_analysis" time="0.001" /><testcase classname="tests.test_structured_wiki.TestStructuredWikiRouter" name="test_get_reference_analysis_no_references" time="0.001" /><testcase classname="tests.test_structured_wiki.TestStructuredWikiRouter" name="test_get_reference_analysis_density" time="0.001" /><testcase classname="tests.test_structured_wiki.TestStructuredWikiRouter" name="test_parse_wikipedia_url_success" time="0.000" /><testcase classname="tests.test_structured_wiki.TestStructuredWikiRouter" name="test_parse_wikipedia_url_invalid_domain" time="0.000" /><testcase classname="tests.test_structured_wiki.TestStructuredWikiRouter" name="test_parse_wikipedia_url_invalid_language" time="0.000" /><testcase classname="tests.test_structured_wiki.TestLongReferenceId" name="test_reference_model_accepts_id_over_100_chars" time="0.000" /><testcase classname="tests.test_structured_wiki.TestLongReferenceId" name="test_structured_article_endpoint_accepts_long_reference_id" time="0.001" /><testcase classname="tests.test_synonym_matcher" name="test_build_sentence_pos_cache_uses_sentence_context" time="1.383" /><testcase classname="tests.test_synonym_matcher" name="test_compare_does_not_repeatedly_tag_each_token" time="0.062" /><testcase classname="tests.test_translation_limits.TestTranslationLimits" name="test_returns_input_for_noop_cases[-en-fr]" time="0.000" /><testcase classname="tests.test_translation_limits.TestTranslationLimits" name="test_returns_input_for_noop_cases[   \n\t-en-es]" time="0.000" /><testcase classname="tests.test_translation_limits.TestTranslationLimits" name="test_returns_input_for_noop_cases[Hello world-en-en]" time="0.000" /><testcase classname="tests.test_translation_limits.TestTranslationLimits" name="test_returns_input_for_noop_cases[Hello world-english-en]" time="0.000" /><testcase classname="tests.test_translation_limits.TestTranslationLimits" name="test_supported_language_pairs[es]" time="0.000" /><testcase classname="tests.test_translation_limits.TestTranslationLimits" name="test_supported_language_pairs[fr]" time="0.000" /><testcase classname="tests.test_translation_limits.TestTranslationLimits" name="test_supported_language_pairs[de]" time="0.000" /><testcase classname="tests.test_translation_limits.TestTranslationLimits" name="test_supported_language_pairs[pt]" time="0.001" /><testcase classname="tests.test_translation_limits.TestTranslationLimits" name="test_supported_language_pairs[zh]" time="0.000" /><testcase classname="tests.test_translation_limits.TestTranslationLimits" name="test_supported_language_pairs[ar]" time="0.000" /><testcase classname="tests.test_translation_limits.TestTranslationLimits" name="test_varied_content_inputs[A-fr]" time="0.000" /><testcase classname="tests.test_translation_limits.TestTranslationLimits" name="test_varied_content_inputs[The speed of light is 3.0 x 10^8 m/s.-de]" time="0.000" /><testcase classname="tests.test_translation_limits.TestTranslationLimits" name="test_varied_content_inputs[Hello! How are you? @#$%-it]" time="0.000" /><testcase classname="tests.test_translation_limits.TestTranslationLimits" name="test_varied_content_inputs[Line one.\n\nLine two.-nl]" time="0.000" /><testcase classname="tests.test_translation_limits.TestTranslationLimits" name="test_varied_content_inputs[Check https://example.com and ping @user-es]" time="0.000" /><testcase classname="tests.test_translation_limits.TestTranslationLimits" name="test_chunked_translation_path_for_long_input" time="0.000" /><testcase classname="tests.test_translation_limits.TestTranslationLimits" name="test_consecutive_calls_are_deterministic" time="0.000" /><testcase classname="tests.test_translation_limits.TestTranslationLimits" name="test_alias_normalization_works" time="0.000" /><testcase classname="tests.test_translation_limits.TestTranslationLimits" name="test_unsupported_language_raises_value_error" time="0.000" /><testcase classname="tests.test_translation_limits.TestTranslationLimits" name="test_fallback_to_source_text_when_model_is_unavailable" time="0.002" /><testcase classname="tests.test_translation_limits.TestTranslationLimits" name="test_fallback_to_source_text_on_timeout" time="0.000" /><testcase classname="tests.test_wiki_articles.TestWikiArticlesRouter" name="test_get_article_with_title" time="0.003" /><testcase classname="tests.test_wiki_articles.TestWikiArticlesRouter" name="test_get_article_with_url" time="0.002" /><testcase classname="tests.test_wiki_articles.TestWikiArticlesRouter" name="test_get_article_no_query" time="0.001" /><testcase classname="tests.test_wiki_articles.TestWikiArticlesRouter" name="test_get_article_not_found" time="0.002" /><testcase classname="tests.test_wiki_articles.TestWikiArticlesRouter" name="test_get_article_with_cache" time="0.002" /><testcase classname="tests.test_wiki_articles.TestWikiArticlesRouter" name="test_validate_url_invalid_domain" time="0.001" /><testcase classname="tests.test_wiki_articles.TestWikiArticlesRouter" name="test_validate_url_invalid_language_code" time="0.000" /><testcase classname="tests.test_wiki_articles.TestWikiArticlesRouter" name="test_validate_url_success" time="0.001" /><testcase classname="tests.test_wiki_articles.TestWikiArticlesRouter" name="test_extract_wiki_title" time="0.000" /><testcase classname="tests.test_wiki_articles.TestWikiArticlesRouter" name="test_get_article_default_language" time="0.003" /></testsuite></testsuites>