<?xml version="1.0" encoding="utf-8"?><testsuites name="pytest tests"><testsuite name="pytest" errors="0" failures="0" skipped="0" tests="159" time="59.082" timestamp="2026-04-10T02:15:33.026648-04:00" hostname="Mac-Studio-de-Francois.local"><testcase classname="tests.test_comparison.TestComparisonRouter" name="test_compare_articles_post_success" time="0.003" /><testcase classname="tests.test_comparison.TestComparisonRouter" name="test_compare_articles_with_obama_data" time="0.001" /><testcase classname="tests.test_comparison.TestComparisonRouter" name="test_compare_articles_missing_required_field" time="0.001" /><testcase classname="tests.test_comparison.TestComparisonRouter" name="test_compare_articles_invalid_threshold" time="0.001" /><testcase classname="tests.test_comparison.TestComparisonRouter" name="test_compare_articles_invalid_language_length" time="0.001" /><testcase classname="tests.test_comparison.TestComparisonRouter" name="test_compare_semantic_get_success" time="0.001" /><testcase classname="tests.test_comparison.TestComparisonRouter" name="test_compare_semantic_get_invalid_threshold" time="0.001" /><testcase classname="tests.test_comparison.TestComparisonRouter" name="test_compare_semantic_get_invalid_model" time="0.001" /><testcase classname="tests.test_comparison.TestComparisonRouter" name="test_compare_semantic_post_success" time="0.001" /><testcase classname="tests.test_comparison.TestComparisonRouter" name="test_compare_semantic_post_invalid_threshold" time="0.001" /><testcase classname="tests.test_comparison.TestComparisonRouter" name="test_compare_semantic_post_invalid_model" time="0.001" /><testcase classname="tests.test_comparison.TestComparisonRouter" name="test_wiki_translate_with_url" time="0.002" /><testcase classname="tests.test_comparison.TestComparisonRouter" name="test_wiki_translate_with_title" time="0.001" /><testcase classname="tests.test_comparison.TestComparisonRouter" name="test_wiki_translate_missing_params" time="0.001" /><testcase classname="tests.test_comparison.TestComparisonRouter" name="test_wiki_translate_article_not_found" time="0.145" /><testcase classname="tests.test_comparison.TestComparisonRouter" name="test_chunked_text_translate_success" time="0.001" /><testcase classname="tests.test_comparison.TestComparisonRouter" name="test_chunked_text_translate_value_error_returns_400" time="0.003" /><testcase classname="tests.test_comparison.TestComparisonRouter" name="test_chunked_text_translate_import_error_returns_500" time="0.002" /><testcase classname="tests.test_fact_extraction_cache" name="test_model_cache_eviction_lru_order" time="0.001" /><testcase classname="tests.test_fact_extraction_cache" name="test_model_cache_reuses_cached_model" time="0.000" /><testcase classname="tests.test_fact_extraction_sentence_splitting" name="test_spacy_sentence_segmentation_handles_abbreviations" time="0.098" /><testcase classname="tests.test_fact_extraction_sentence_splitting" name="test_spacy_sentence_segmentation_preserves_single_sentence" time="0.000" /><testcase classname="tests.test_semantic_comparison.TestSemanticComparison" name="test_semantic_compare_returns_dict" time="2.932" /><testcase classname="tests.test_semantic_comparison.TestSemanticComparison" name="test_semantic_compare_success_flag" time="0.509" /><testcase classname="tests.test_semantic_comparison.TestSemanticComparison" name="test_semantic_compare_identifies_missing_info" time="0.417" /><testcase classname="tests.test_semantic_comparison.TestSemanticComparison" name="test_semantic_compare_multiple_samples" time="1.314" /><testcase classname="tests.test_semantic_comparison" name="test_preprocess_input_uses_chunking_for_large_text" time="0.000" /><testcase classname="tests.test_similarity_scoring.TestLevenshteinDistance" name="test_identical_strings" time="0.000" /><testcase classname="tests.test_similarity_scoring.TestLevenshteinDistance" name="test_completely_different" time="0.000" /><testcase classname="tests.test_similarity_scoring.TestLevenshteinDistance" name="test_one_char_diff" time="0.000" /><testcase classname="tests.test_similarity_scoring.TestLevenshteinDistance" name="test_empty_strings" time="0.000" /><testcase classname="tests.test_similarity_scoring.TestLoanwordDetection" name="test_common_loanword_suffixes" time="0.000" /><testcase classname="tests.test_similarity_scoring.TestLoanwordDetection" name="test_non_loanword" time="0.000" /><testcase classname="tests.test_similarity_scoring.TestBandClassification" name="test_very_close" time="0.000" /><testcase classname="tests.test_similarity_scoring.TestBandClassification" name="test_same_branch" time="0.000" /><testcase classname="tests.test_similarity_scoring.TestBandClassification" name="test_same_family_distant" time="0.000" /><testcase classname="tests.test_similarity_scoring.TestBandClassification" name="test_unrelated" time="0.000" /><testcase classname="tests.test_similarity_scoring.TestArticlePairScoring" name="test_identical_articles" time="0.001" /><testcase classname="tests.test_similarity_scoring.TestArticlePairScoring" name="test_completely_different_articles" time="0.000" /><testcase classname="tests.test_similarity_scoring.TestArticlePairScoring" name="test_partially_similar_articles" time="0.000" /><testcase classname="tests.test_similarity_scoring.TestArticlePairScoring" name="test_empty_articles" time="0.000" /><testcase classname="tests.test_similarity_scoring.TestArticlePairScoring" name="test_low_data_flag" time="0.000" /><testcase classname="tests.test_similarity_scoring.TestArticlePairScoring" name="test_loanword_downweighting" time="0.000" /><testcase classname="tests.test_similarity_scoring.TestArticlePairScoring" name="test_swadesh_filter" time="0.000" /><testcase classname="tests.test_similarity_scoring.TestArticlePairScoring" name="test_word_match_threshold" time="0.000" /><testcase classname="tests.test_similarity_scoring.TestBatchScoring" name="test_batch_scoring" time="0.000" /><testcase classname="tests.test_similarity_scoring.TestBatchScoring" name="test_batch_with_options" time="0.000" /><testcase classname="tests.test_similarity_scoring.TestLanguageFamilies" name="test_germanic_languages" time="0.000" /><testcase classname="tests.test_similarity_scoring.TestLanguageFamilies" name="test_romance_languages" time="0.000" /><testcase classname="tests.test_similarity_scoring.TestLanguageFamilies" name="test_slavic_languages" time="0.000" /><testcase classname="tests.test_similarity_scoring.TestLanguageFamilies" name="test_unknown_language" time="0.000" /><testcase classname="tests.test_similarity_scoring.TestScriptNormalization" name="test_cyrillic_transliteration" time="0.000" /><testcase classname="tests.test_similarity_scoring.TestScriptNormalization" name="test_normalize_cyrillic_text" time="0.000" /><testcase classname="tests.test_similarity_scoring.TestScriptNormalization" name="test_latin_text_unchanged" time="0.000" /><testcase classname="tests.test_similarity_scoring.TestCrossLanguageComparison" name="test_same_family_threshold" time="0.000" /><testcase classname="tests.test_similarity_scoring.TestCrossLanguageComparison" name="test_different_family_threshold" time="0.000" /><testcase classname="tests.test_similarity_scoring.TestCrossLanguageComparison" name="test_english_spanish_cognates" time="0.000" /><testcase classname="tests.test_similarity_scoring.TestCrossLanguageComparison" name="test_english_russian_transliteration" time="0.000" /><testcase classname="tests.test_similarity_scoring.TestCrossLanguageComparison" name="test_french_spanish_similarity" time="0.000" /><testcase classname="tests.test_similarity_scoring.TestCrossLanguageComparison" name="test_batch_with_language_pairs" time="0.000" /><testcase classname="tests.test_structural_analysis.TestStructuralAnalysisRouter" name="test_get_results_success" time="0.003" /><testcase classname="tests.test_structural_analysis.TestStructuralAnalysisRouter" name="test_get_results_with_translations" time="0.002" /><testcase classname="tests.test_structural_analysis.TestStructuralAnalysisRouter" name="test_get_results_missing_translation" time="0.001" /><testcase classname="tests.test_structural_analysis.TestStructuralAnalysisRouter" name="test_get_results_table_analysis_failure" time="0.001" /><testcase classname="tests.test_structural_analysis.TestStructuralAnalysisRouter" name="test_get_results_missing_title" time="0.001" /><testcase classname="tests.test_structural_analysis.TestStructuralAnalysisRouter" name="test_get_results_missing_language" time="0.001" /><testcase classname="tests.test_structural_analysis.TestStructuralAnalysisRouter" name="test_get_results_authority_article_detection" time="0.002" /><testcase classname="tests.test_structural_analysis.TestStructuralAnalysisRouter" name="test_get_results_score_calculation" time="0.001" /><testcase classname="tests.test_structural_analysis.TestStructuralAnalysisRouter" name="test_calculate_single_score" time="0.000" /><testcase classname="tests.test_structural_analysis.TestStructuralAnalysisRouter" name="test_calculate_single_score_zero_values" time="0.000" /><testcase classname="tests.test_structural_analysis.TestStructuralAnalysisRouter" name="test_analyze_single_article_success" time="0.001" /><testcase classname="tests.test_structural_analysis.TestStructuralAnalysisRouter" name="test_analyze_single_article_failure" time="0.000" /><testcase classname="tests.test_structured_wiki.TestStructuredWikiRouter" name="test_get_structured_article_with_title" time="0.002" /><testcase classname="tests.test_structured_wiki.TestStructuredWikiRouter" name="test_get_structured_article_with_url" time="0.001" /><testcase classname="tests.test_structured_wiki.TestStructuredWikiRouter" name="test_get_structured_article_missing_query" time="0.001" /><testcase classname="tests.test_structured_wiki.TestStructuredWikiRouter" name="test_get_structured_article_with_language" time="0.001" /><testcase classname="tests.test_structured_wiki.TestStructuredWikiRouter" name="test_get_structured_article_with_citations" time="0.001" /><testcase classname="tests.test_structured_wiki.TestStructuredWikiRouter" name="test_get_structured_article_default_language" time="0.001" /><testcase classname="tests.test_structured_wiki.TestStructuredWikiRouter" name="test_get_structured_section" time="0.001" /><testcase classname="tests.test_structured_wiki.TestStructuredWikiRouter" name="test_get_structured_section_not_found" time="0.001" /><testcase classname="tests.test_structured_wiki.TestStructuredWikiRouter" name="test_get_structured_section_with_url" time="0.001" /><testcase classname="tests.test_structured_wiki.TestStructuredWikiRouter" name="test_get_structured_section_missing_section_title" time="0.001" /><testcase classname="tests.test_structured_wiki.TestStructuredWikiRouter" name="test_get_citation_analysis" time="0.001" /><testcase classname="tests.test_structured_wiki.TestStructuredWikiRouter" name="test_get_citation_analysis_no_citations" time="0.001" /><testcase classname="tests.test_structured_wiki.TestStructuredWikiRouter" name="test_get_citation_analysis_most_cited" time="0.001" /><testcase classname="tests.test_structured_wiki.TestStructuredWikiRouter" name="test_get_reference_analysis" time="0.001" /><testcase classname="tests.test_structured_wiki.TestStructuredWikiRouter" name="test_get_reference_analysis_no_references" time="0.003" /><testcase classname="tests.test_structured_wiki.TestStructuredWikiRouter" name="test_get_reference_analysis_density" time="0.001" /><testcase classname="tests.test_structured_wiki.TestStructuredWikiRouter" name="test_parse_wikipedia_url_success" time="0.000" /><testcase classname="tests.test_structured_wiki.TestStructuredWikiRouter" name="test_parse_wikipedia_url_invalid_domain" time="0.000" /><testcase classname="tests.test_structured_wiki.TestStructuredWikiRouter" name="test_parse_wikipedia_url_invalid_language" time="0.000" /><testcase classname="tests.test_structured_wiki.TestLongReferenceId" name="test_reference_model_accepts_id_over_100_chars" time="0.000" /><testcase classname="tests.test_structured_wiki.TestLongReferenceId" name="test_structured_article_endpoint_accepts_long_reference_id" time="0.001" /><testcase classname="tests.test_translation_limits.TestTranslationLimits" name="test_very_short_text" time="0.617" /><testcase classname="tests.test_translation_limits.TestTranslationLimits" name="test_single_character" time="0.576" /><testcase classname="tests.test_translation_limits.TestTranslationLimits" name="test_empty_string" time="0.000" /><testcase classname="tests.test_translation_limits.TestTranslationLimits" name="test_medium_length_text" time="0.477" /><testcase classname="tests.test_translation_limits.TestTranslationLimits" name="test_very_long_text" time="2.131" /><testcase classname="tests.test_translation_limits.TestTranslationLimits" name="test_extremely_long_text" time="17.067" /><testcase classname="tests.test_translation_limits.TestTranslationLimits" name="test_technical_content" time="1.150" /><testcase classname="tests.test_translation_limits.TestTranslationLimits" name="test_poetic_content" time="0.036" /><testcase classname="tests.test_translation_limits.TestTranslationLimits" name="test_numerical_content" time="1.020" /><testcase classname="tests.test_translation_limits.TestTranslationLimits" name="test_mixed_case_content" time="1.051" /><testcase classname="tests.test_translation_limits.TestTranslationLimits" name="test_special_characters" time="0.034" /><testcase classname="tests.test_translation_limits.TestTranslationLimits" name="test_unicode_content" time="0.625" /><testcase classname="tests.test_translation_limits.TestTranslationLimits" name="test_urls_and_mentions" time="0.944" /><testcase classname="tests.test_translation_limits.TestTranslationLimits" name="test_code_snippets" time="0.956" /><testcase classname="tests.test_translation_limits.TestTranslationLimits" name="test_scientific_notation" time="0.934" /><testcase classname="tests.test_translation_limits.TestTranslationLimits" name="test_quoted_text" time="0.036" /><testcase classname="tests.test_translation_limits.TestTranslationLimits" name="test_sentences_with_contractions" time="0.031" /><testcase classname="tests.test_translation_limits.TestTranslationLimits" name="test_list_format" time="0.984" /><testcase classname="tests.test_translation_limits.TestTranslationLimits" name="test_multiline_content" time="0.839" /><testcase classname="tests.test_translation_limits.TestTranslationLimits" name="test_english_to_spanish" time="0.663" /><testcase classname="tests.test_translation_limits.TestTranslationLimits" name="test_english_to_french" time="0.654" /><testcase classname="tests.test_translation_limits.TestTranslationLimits" name="test_english_to_german" time="0.645" /><testcase classname="tests.test_translation_limits.TestTranslationLimits" name="test_english_to_italian" time="0.688" /><testcase classname="tests.test_translation_limits.TestTranslationLimits" name="test_english_to_portuguese" time="0.033" /><testcase classname="tests.test_translation_limits.TestTranslationLimits" name="test_english_to_chinese" time="0.627" /><testcase classname="tests.test_translation_limits.TestTranslationLimits" name="test_english_to_japanese" time="0.035" /><testcase classname="tests.test_translation_limits.TestTranslationLimits" name="test_english_to_russian" time="0.675" /><testcase classname="tests.test_translation_limits.TestTranslationLimits" name="test_english_to_arabic" time="0.612" /><testcase classname="tests.test_translation_limits.TestTranslationLimits" name="test_to_english_romance_language" time="0.836" /><testcase classname="tests.test_translation_limits.TestTranslationLimits" name="test_unsupported_language" time="0.000" /><testcase classname="tests.test_translation_limits.TestTranslationLimits" name="test_very_many_special_characters" time="0.953" /><testcase classname="tests.test_translation_limits.TestTranslationLimits" name="test_repeated_word" time="4.301" /><testcase classname="tests.test_translation_limits.TestTranslationLimits" name="test_mixed_language_content" time="0.748" /><testcase classname="tests.test_translation_limits.TestTranslationLimits" name="test_whitespace_only" time="0.000" /><testcase classname="tests.test_translation_limits.TestTranslationLimits" name="test_very_long_single_word" time="0.032" /><testcase classname="tests.test_translation_limits.TestTranslationLimits" name="test_numbers_only" time="2.472" /><testcase classname="tests.test_translation_limits.TestTranslationLimits" name="test_sentence_with_newlines_between_words" time="0.041" /><testcase classname="tests.test_translation_limits.TestTranslationLimits" name="test_single_space" time="0.000" /><testcase classname="tests.test_translation_limits.TestTranslationLimits" name="test_consecutive_translations_same_text" time="0.498" /><testcase classname="tests.test_translation_limits.TestTranslationLimits" name="test_consecutive_translations_different_languages" time="0.935" /><testcase classname="tests.test_translation_limits.TestTranslationLimits" name="test_parametrized_texts_to_spanish[Hello]" time="0.066" /><testcase classname="tests.test_translation_limits.TestTranslationLimits" name="test_parametrized_texts_to_spanish[Hello world]" time="0.079" /><testcase classname="tests.test_translation_limits.TestTranslationLimits" name="test_parametrized_texts_to_spanish[The quick brown fox jumps over the lazy dog.]" time="0.164" /><testcase classname="tests.test_translation_limits.TestTranslationLimits" name="test_parametrized_texts_to_spanish[Machine learning is a powerful technology for solving complex problems.]" time="0.197" /><testcase classname="tests.test_translation_limits.TestTranslationLimits" name="test_parametrized_languages[es]" time="0.138" /><testcase classname="tests.test_translation_limits.TestTranslationLimits" name="test_parametrized_languages[fr]" time="0.157" /><testcase classname="tests.test_translation_limits.TestTranslationLimits" name="test_parametrized_languages[de]" time="0.161" /><testcase classname="tests.test_translation_limits.TestTranslationLimits" name="test_parametrized_languages[it]" time="0.147" /><testcase classname="tests.test_translation_limits.TestTranslationLimits" name="test_parametrized_languages[pt]" time="0.033" /><testcase classname="tests.test_translation_limits.TestTranslationLimits" name="test_parametrized_languages[nl]" time="0.678" /><testcase classname="tests.test_translation_limits.TestTranslationLimits" name="test_parametrized_languages[pl]" time="0.033" /><testcase classname="tests.test_translation_limits.TestTranslationLimits" name="test_parametrized_languages[ru]" time="0.684" /><testcase classname="tests.test_translation_limits.TestTranslationLimits" name="test_parametrized_languages[zh]" time="0.664" /><testcase classname="tests.test_translation_limits.TestTranslationLimits" name="test_parametrized_languages[ja]" time="0.034" /><testcase classname="tests.test_translation_limits.TestTranslationLimits" name="test_response_length_reasonable" time="0.608" /><testcase classname="tests.test_translation_limits.TestTranslationLimits" name="test_no_exponential_output_growth" time="4.727" /><testcase classname="tests.test_wiki_articles.TestWikiArticlesRouter" name="test_get_article_with_title" time="0.002" /><testcase classname="tests.test_wiki_articles.TestWikiArticlesRouter" name="test_get_article_with_url" time="0.001" /><testcase classname="tests.test_wiki_articles.TestWikiArticlesRouter" name="test_get_article_no_query" time="0.001" /><testcase classname="tests.test_wiki_articles.TestWikiArticlesRouter" name="test_get_article_not_found" time="0.002" /><testcase classname="tests.test_wiki_articles.TestWikiArticlesRouter" name="test_get_article_with_cache" time="0.001" /><testcase classname="tests.test_wiki_articles.TestWikiArticlesRouter" name="test_validate_url_invalid_domain" time="0.000" /><testcase classname="tests.test_wiki_articles.TestWikiArticlesRouter" name="test_validate_url_invalid_language_code" time="0.000" /><testcase classname="tests.test_wiki_articles.TestWikiArticlesRouter" name="test_validate_url_success" time="0.001" /><testcase classname="tests.test_wiki_articles.TestWikiArticlesRouter" name="test_extract_wiki_title" time="0.000" /><testcase classname="tests.test_wiki_articles.TestWikiArticlesRouter" name="test_get_article_default_language" time="0.002" /></testsuite></testsuites>